Renderer.obj : error LNK2019: unresolved external symbol __imp_glewInit referenced in function "public: __cdecl CG::Renderer::Renderer(class std::basic_string<char,struct std::char_traits<char>,class std::allocator<char> > const &,int,int)" (??0Renderer@CG@@QEAA@AEBV?$basic_string@DU?$char_traits@D@std@@V?$allocator@D@2@@std@@HH@Z)
Renderer.obj : error LNK2019: unresolved external symbol glfwInit referenced in function "public: __cdecl CG::Renderer::Renderer(class std::basic_string<char,struct std::char_traits<char>,class std::allocator<char> > const &,int,int)" (??0Renderer@CG@@QEAA@AEBV?$basic_string@DU?$char_traits@D@std@@V?$allocator@D@2@@std@@HH@Z)
Renderer.obj : error LNK2019: unresolved external symbol glfwTerminate referenced in function "public: __cdecl CG::Renderer::Renderer(class std::basic_string<char,struct std::char_traits<char>,class std::allocator<char> > const &,int,int)" (??0Renderer@CG@@QEAA@AEBV?$basic_string@DU?$char_traits@D@std@@V?$allocator@D@2@@std@@HH@Z)
Renderer.obj : error LNK2019: unresolved external symbol glfwSetErrorCallback referenced in function "public: __cdecl CG::Renderer::Renderer(class std::basic_string<char,struct std::char_traits<char>,class std::allocator<char> > const &,int,int)" (??0Renderer@CG@@QEAA@AEBV?$basic_string@DU?$char_traits@D@std@@V?$allocator@D@2@@std@@HH@Z)
imgui_impl_glfw.obj : error LNK2001: unresolved external symbol glfwSetErrorCallback
Renderer.obj : error LNK2019: unresolved external symbol glfwWindowHint referenced in function "public: __cdecl CG::Renderer::Renderer(class std::basic_string<char,struct std::char_traits<char>,class std::allocator<char> > const &,int,int)" (??0Renderer@CG@@QEAA@AEBV?$basic_string@DU?$char_traits@D@std@@V?$allocator@D@2@@std@@HH@Z)
Renderer.obj : error LNK2019: unresolved external symbol glfwCreateWindow referenced in function "public: __cdecl CG::Renderer::Renderer(class std::basic_string<char,struct std::char_traits<char>,class std::allocator<char> > const &,int,int)" (??0Renderer@CG@@QEAA@AEBV?$basic_string@DU?$char_traits@D@std@@V?$allocator@D@2@@std@@HH@Z)
Renderer.obj : error LNK2019: unresolved external symbol glfwWindowShouldClose referenced in function "public: bool __cdecl CG::Renderer::windowShouldClose(void)" (?windowShouldClose@Renderer@CG@@QEAA_NXZ)
Renderer.obj : error LNK2019: unresolved external symbol glfwSetWindowUserPointer referenced in function "public: __cdecl CG::EventHandler::EventHandler(class CG::Renderer *,class std::basic_string<char,struct std::char_traits<char>,class std::allocator<char> > const &)" (??0EventHandler@CG@@QEAA@PEAVRenderer@1@AEBV?$basic_string@DU?$char_traits@D@std@@V?$allocator@D@2@@std@@@Z)
Renderer.obj : error LNK2019: unresolved external symbol glfwGetWindowUserPointer referenced in function "void __cdecl CG::input_handler(struct GLFWwindow *,int,int,int,int)" (?input_handler@CG@@YAXPEAUGLFWwindow@@HHHH@Z)
Renderer.obj : error LNK2019: unresolved external symbol glfwSetWindowSizeCallback referenced in function "public: __cdecl CG::Renderer::Renderer(class std::basic_string<char,struct std::char_traits<char>,class std::allocator<char> > const &,int,int)" (??0Renderer@CG@@QEAA@AEBV?$basic_string@DU?$char_traits@D@std@@V?$allocator@D@2@@std@@HH@Z)
Renderer.obj : error LNK2019: unresolved external symbol glfwPollEvents referenced in function "public: void __cdecl CG::Renderer::pollEvents(void)const " (?pollEvents@Renderer@CG@@QEBAXXZ)
Renderer.obj : error LNK2019: unresolved external symbol glfwSetKeyCallback referenced in function "public: __cdecl CG::EventHandler::EventHandler(class CG::Renderer *,class std::basic_string<char,struct std::char_traits<char>,class std::allocator<char> > const &)" (??0EventHandler@CG@@QEAA@PEAVRenderer@1@AEBV?$basic_string@DU?$char_traits@D@std@@V?$allocator@D@2@@std@@@Z)
imgui_impl_glfw.obj : error LNK2001: unresolved external symbol glfwSetKeyCallback
Renderer.obj : error LNK2019: unresolved external symbol glfwMakeContextCurrent referenced in function "public: __cdecl CG::Renderer::Renderer(class std::basic_string<char,struct std::char_traits<char>,class std::allocator<char> > const &,int,int)" (??0Renderer@CG@@QEAA@AEBV?$basic_string@DU?$char_traits@D@std@@V?$allocator@D@2@@std@@HH@Z)
Renderer.obj : error LNK2019: unresolved external symbol glfwSwapBuffers referenced in function "public: void __cdecl CG::Renderer::swapBuffers(void)const " (?swapBuffers@Renderer@CG@@QEBAXXZ)
Renderer.obj : error LNK2019: unresolved external symbol glfwSwapInterval referenced in function "public: __cdecl CG::Renderer::Renderer(class std::basic_string<char,struct std::char_traits<char>,class std::allocator<char> > const &,int,int)" (??0Renderer@CG@@QEAA@AEBV?$basic_string@DU?$char_traits@D@std@@V?$allocator@D@2@@std@@HH@Z)
Renderer.obj : error LNK2019: unresolved external symbol __imp___glewBindVertexArray referenced in function "public: void __cdecl CG::VertexArray::bind(void)const " (?bind@VertexArray@CG@@QEBAXXZ)
imgui_impl_opengl3.obj : error LNK2001: unresolved external symbol __imp___glewBindVertexArray
VertexArray.obj : error LNK2001: unresolved external symbol __imp___glewBindVertexArray
Renderer.obj : error LNK2019: unresolved external symbol __imp___glewDebugMessageCallback referenced in function "public: __cdecl CG::Renderer::Renderer(class std::basic_string<char,struct std::char_traits<char>,class std::allocator<char> > const &,int,int)" (??0Renderer@CG@@QEAA@AEBV?$basic_string@DU?$char_traits@D@std@@V?$allocator@D@2@@std@@HH@Z)
IndexBuffer.obj : error LNK2019: unresolved external symbol __imp___glewBindBuffer referenced in function "public: __cdecl CG::IndexBuffer::IndexBuffer(unsigned int const *,unsigned int)" (??0IndexBuffer@CG@@QEAA@PEBII@Z)
imgui_impl_opengl3.obj : error LNK2001: unresolved external symbol __imp___glewBindBuffer
VertexBuffer.obj : error LNK2001: unresolved external symbol __imp___glewBindBuffer
IndexBuffer.obj : error LNK2019: unresolved external symbol __imp___glewBufferData referenced in function "public: __cdecl CG::IndexBuffer::IndexBuffer(unsigned int const *,unsigned int)" (??0IndexBuffer@CG@@QEAA@PEBII@Z)
imgui_impl_opengl3.obj : error LNK2001: unresolved external symbol __imp___glewBufferData
VertexBuffer.obj : error LNK2001: unresolved external symbol __imp___glewBufferData
IndexBuffer.obj : error LNK2019: unresolved external symbol __imp___glewDeleteBuffers referenced in function "public: __cdecl CG::IndexBuffer::~IndexBuffer(void)" (??1IndexBuffer@CG@@QEAA@XZ)
imgui_impl_opengl3.obj : error LNK2001: unresolved external symbol __imp___glewDeleteBuffers
VertexBuffer.obj : error LNK2001: unresolved external symbol __imp___glewDeleteBuffers
IndexBuffer.obj : error LNK2019: unresolved external symbol __imp___glewGenBuffers referenced in function "public: __cdecl CG::IndexBuffer::IndexBuffer(unsigned int const *,unsigned int)" (??0IndexBuffer@CG@@QEAA@PEBII@Z)
imgui_impl_opengl3.obj : error LNK2001: unresolved external symbol __imp___glewGenBuffers
VertexBuffer.obj : error LNK2001: unresolved external symbol __imp___glewGenBuffers
ShaderLoader.obj : error LNK2019: unresolved external symbol __imp___glewAttachShader referenced in function "public: void __cdecl CG::ShaderLoader::attach(class std::basic_string<char,struct std::char_traits<char>,class std::allocator<char> > const &)" (?attach@ShaderLoader@CG@@QEAAXAEBV?$basic_string@DU?$char_traits@D@std@@V?$allocator@D@2@@std@@@Z)
imgui_impl_opengl3.obj : error LNK2001: unresolved external symbol __imp___glewAttachShader
ShaderLoader.obj : error LNK2019: unresolved external symbol __imp___glewCompileShader referenced in function "public: bool __cdecl CG::Shader::compileShader(void)" (?compileShader@Shader@CG@@QEAA_NXZ)
imgui_impl_opengl3.obj : error LNK2001: unresolved external symbol __imp___glewCompileShader
ShaderLoader.obj : error LNK2019: unresolved external symbol __imp___glewCreateProgram referenced in function "public: __cdecl CG::ShaderLoader::ShaderLoader(void)" (??0ShaderLoader@CG@@QEAA@XZ)
imgui_impl_opengl3.obj : error LNK2001: unresolved external symbol __imp___glewCreateProgram
ShaderLoader.obj : error LNK2019: unresolved external symbol __imp___glewCreateShader referenced in function "public: __cdecl CG::Shader::Shader(enum CG::ShaderType const &,class std::basic_string<char,struct std::char_traits<char>,class std::allocator<char> > const &)" (??0Shader@CG@@QEAA@AEBW4ShaderType@1@AEBV?$basic_string@DU?$char_traits@D@std@@V?$allocator@D@2@@std@@@Z)
imgui_impl_opengl3.obj : error LNK2001: unresolved external symbol __imp___glewCreateShader
ShaderLoader.obj : error LNK2019: unresolved external symbol __imp___glewDeleteProgram referenced in function "public: __cdecl CG::ShaderLoader::~ShaderLoader(void)" (??1ShaderLoader@CG@@QEAA@XZ)
imgui_impl_opengl3.obj : error LNK2001: unresolved external symbol __imp___glewDeleteProgram
ShaderLoader.obj : error LNK2019: unresolved external symbol __imp___glewDeleteShader referenced in function "public: bool __cdecl CG::Shader::compileShader(void)" (?compileShader@Shader@CG@@QEAA_NXZ)
imgui_impl_opengl3.obj : error LNK2001: unresolved external symbol __imp___glewDeleteShader
ShaderLoader.obj : error LNK2019: unresolved external symbol __imp___glewGetShaderInfoLog referenced in function "public: bool __cdecl CG::Shader::compileShader(void)" (?compileShader@Shader@CG@@QEAA_NXZ)
imgui_impl_opengl3.obj : error LNK2001: unresolved external symbol __imp___glewGetShaderInfoLog
ShaderLoader.obj : error LNK2019: unresolved external symbol __imp___glewGetShaderiv referenced in function "public: bool __cdecl CG::Shader::compileShader(void)" (?compileShader@Shader@CG@@QEAA_NXZ)
imgui_impl_opengl3.obj : error LNK2001: unresolved external symbol __imp___glewGetShaderiv
ShaderLoader.obj : error LNK2019: unresolved external symbol __imp___glewGetUniformLocation referenced in function "private: int __cdecl CG::ShaderLoader::findUniform(class std::basic_string<char,struct std::char_traits<char>,class std::allocator<char> > const &)" (?findUniform@ShaderLoader@CG@@AEAAHAEBV?$basic_string@DU?$char_traits@D@std@@V?$allocator@D@2@@std@@@Z)
imgui_impl_opengl3.obj : error LNK2001: unresolved external symbol __imp___glewGetUniformLocation
ShaderLoader.obj : error LNK2019: unresolved external symbol __imp___glewLinkProgram referenced in function "public: void __cdecl CG::ShaderLoader::createExecutable(void)" (?createExecutable@ShaderLoader@CG@@QEAAXXZ)
imgui_impl_opengl3.obj : error LNK2001: unresolved external symbol __imp___glewLinkProgram
ShaderLoader.obj : error LNK2019: unresolved external symbol __imp___glewShaderSource referenced in function "public: bool __cdecl CG::Shader::compileShader(void)" (?compileShader@Shader@CG@@QEAA_NXZ)
imgui_impl_opengl3.obj : error LNK2001: unresolved external symbol __imp___glewShaderSource
ShaderLoader.obj : error LNK2019: unresolved external symbol __imp___glewUniformMatrix4fv referenced in function "public: void __cdecl CG::ShaderLoader::setUniform(class std::basic_string<char,struct std::char_traits<char>,class std::allocator<char> > const &,struct glm::mat<4,4,float,0> const &)" (?setUniform@ShaderLoader@CG@@QEAAXAEBV?$basic_string@DU?$char_traits@D@std@@V?$allocator@D@2@@std@@AEBU?$mat@$03$03M$0A@@glm@@@Z)
imgui_impl_opengl3.obj : error LNK2001: unresolved external symbol __imp___glewUniformMatrix4fv
ShaderLoader.obj : error LNK2019: unresolved external symbol __imp___glewUseProgram referenced in function "public: void __cdecl CG::ShaderLoader::use(void)const " (?use@ShaderLoader@CG@@QEBAXXZ)
imgui_impl_opengl3.obj : error LNK2001: unresolved external symbol __imp___glewUseProgram
ShaderLoader.obj : error LNK2019: unresolved external symbol __imp___glewValidateProgram referenced in function "public: void __cdecl CG::ShaderLoader::createExecutable(void)" (?createExecutable@ShaderLoader@CG@@QEAAXXZ)
imgui_impl_glfw.obj : error LNK2019: unresolved external symbol glfwGetWindowSize referenced in function "void __cdecl ImGui_ImplGlfw_NewFrame(void)" (?ImGui_ImplGlfw_NewFrame@@YAXXZ)
imgui_impl_glfw.obj : error LNK2019: unresolved external symbol glfwGetFramebufferSize referenced in function "void __cdecl ImGui_ImplGlfw_NewFrame(void)" (?ImGui_ImplGlfw_NewFrame@@YAXXZ)
imgui_impl_glfw.obj : error LNK2019: unresolved external symbol glfwGetWindowAttrib referenced in function "void __cdecl ImGui_ImplGlfw_UpdateMousePosAndButtons(void)" (?ImGui_ImplGlfw_UpdateMousePosAndButtons@@YAXXZ)
imgui_impl_glfw.obj : error LNK2019: unresolved external symbol glfwGetInputMode referenced in function "void __cdecl ImGui_ImplGlfw_UpdateMouseCursor(void)" (?ImGui_ImplGlfw_UpdateMouseCursor@@YAXXZ)
imgui_impl_glfw.obj : error LNK2019: unresolved external symbol glfwSetInputMode referenced in function "void __cdecl ImGui_ImplGlfw_UpdateMouseCursor(void)" (?ImGui_ImplGlfw_UpdateMouseCursor@@YAXXZ)
NoClipCameraController.obj : error LNK2001: unresolved external symbol glfwSetInputMode
TestNoClipCameraController.obj : error LNK2001: unresolved external symbol glfwSetInputMode
imgui_impl_glfw.obj : error LNK2019: unresolved external symbol glfwGetMouseButton referenced in function "void __cdecl ImGui_ImplGlfw_UpdateMousePosAndButtons(void)" (?ImGui_ImplGlfw_UpdateMousePosAndButtons@@YAXXZ)
TestNoClipCameraController.obj : error LNK2001: unresolved external symbol glfwGetMouseButton
imgui_impl_glfw.obj : error LNK2019: unresolved external symbol glfwGetCursorPos referenced in function "void __cdecl ImGui_ImplGlfw_UpdateMousePosAndButtons(void)" (?ImGui_ImplGlfw_UpdateMousePosAndButtons@@YAXXZ)
NoClipCameraController.obj : error LNK2001: unresolved external symbol glfwGetCursorPos
imgui_impl_glfw.obj : error LNK2019: unresolved external symbol glfwSetCursorPos referenced in function "void __cdecl ImGui_ImplGlfw_UpdateMousePosAndButtons(void)" (?ImGui_ImplGlfw_UpdateMousePosAndButtons@@YAXXZ)
imgui_impl_glfw.obj : error LNK2019: unresolved external symbol glfwCreateStandardCursor referenced in function "bool __cdecl ImGui_ImplGlfw_Init(struct GLFWwindow *,bool,enum GlfwClientApi)" (?ImGui_ImplGlfw_Init@@YA_NPEAUGLFWwindow@@_NW4GlfwClientApi@@@Z)
imgui_impl_glfw.obj : error LNK2019: unresolved external symbol glfwDestroyCursor referenced in function "void __cdecl ImGui_ImplGlfw_Shutdown(void)" (?ImGui_ImplGlfw_Shutdown@@YAXXZ)
imgui_impl_glfw.obj : error LNK2019: unresolved external symbol glfwSetCursor referenced in function "void __cdecl ImGui_ImplGlfw_UpdateMouseCursor(void)" (?ImGui_ImplGlfw_UpdateMouseCursor@@YAXXZ)
imgui_impl_glfw.obj : error LNK2019: unresolved external symbol glfwSetCharCallback referenced in function "bool __cdecl ImGui_ImplGlfw_Init(struct GLFWwindow *,bool,enum GlfwClientApi)" (?ImGui_ImplGlfw_Init@@YA_NPEAUGLFWwindow@@_NW4GlfwClientApi@@@Z)
imgui_impl_glfw.obj : error LNK2019: unresolved external symbol glfwSetMouseButtonCallback referenced in function "bool __cdecl ImGui_ImplGlfw_Init(struct GLFWwindow *,bool,enum GlfwClientApi)" (?ImGui_ImplGlfw_Init@@YA_NPEAUGLFWwindow@@_NW4GlfwClientApi@@@Z)
imgui_impl_glfw.obj : error LNK2019: unresolved external symbol glfwSetScrollCallback referenced in function "bool __cdecl ImGui_ImplGlfw_Init(struct GLFWwindow *,bool,enum GlfwClientApi)" (?ImGui_ImplGlfw_Init@@YA_NPEAUGLFWwindow@@_NW4GlfwClientApi@@@Z)
imgui_impl_glfw.obj : error LNK2019: unresolved external symbol glfwGetJoystickAxes referenced in function "void __cdecl ImGui_ImplGlfw_UpdateGamepads(void)" (?ImGui_ImplGlfw_UpdateGamepads@@YAXXZ)
imgui_impl_glfw.obj : error LNK2019: unresolved external symbol glfwGetJoystickButtons referenced in function "void __cdecl ImGui_ImplGlfw_UpdateGamepads(void)" (?ImGui_ImplGlfw_UpdateGamepads@@YAXXZ)
imgui_impl_glfw.obj : error LNK2019: unresolved external symbol glfwSetClipboardString referenced in function "void __cdecl ImGui_ImplGlfw_SetClipboardText(void *,char const *)" (?ImGui_ImplGlfw_SetClipboardText@@YAXPEAXPEBD@Z)
imgui_impl_glfw.obj : error LNK2019: unresolved external symbol glfwGetClipboardString referenced in function "char const * __cdecl ImGui_ImplGlfw_GetClipboardText(void *)" (?ImGui_ImplGlfw_GetClipboardText@@YAPEBDPEAX@Z)
imgui_impl_glfw.obj : error LNK2019: unresolved external symbol glfwGetTime referenced in function "void __cdecl ImGui_ImplGlfw_NewFrame(void)" (?ImGui_ImplGlfw_NewFrame@@YAXXZ)
TestMenu.obj : error LNK2001: unresolved external symbol glfwGetTime
imgui_impl_glfw.obj : error LNK2019: unresolved external symbol glfwGetWin32Window referenced in function "bool __cdecl ImGui_ImplGlfw_Init(struct GLFWwindow *,bool,enum GlfwClientApi)" (?ImGui_ImplGlfw_Init@@YA_NPEAUGLFWwindow@@_NW4GlfwClientApi@@@Z)
imgui_impl_opengl3.obj : error LNK2019: unresolved external symbol __imp___glewActiveTexture referenced in function "void __cdecl ImGui_ImplOpenGL3_RenderDrawData(struct ImDrawData *)" (?ImGui_ImplOpenGL3_RenderDrawData@@YAXPEAUImDrawData@@@Z)
imgui_impl_opengl3.obj : error LNK2019: unresolved external symbol __imp___glewBlendEquation referenced in function "void __cdecl ImGui_ImplOpenGL3_SetupRenderState(struct ImDrawData *,int,int,unsigned int)" (?ImGui_ImplOpenGL3_SetupRenderState@@YAXPEAUImDrawData@@HHI@Z)
imgui_impl_opengl3.obj : error LNK2019: unresolved external symbol __imp___glewBlendFuncSeparate referenced in function "void __cdecl ImGui_ImplOpenGL3_RenderDrawData(struct ImDrawData *)" (?ImGui_ImplOpenGL3_RenderDrawData@@YAXPEAUImDrawData@@@Z)
imgui_impl_opengl3.obj : error LNK2019: unresolved external symbol __imp___glewBlendEquationSeparate referenced in function "void __cdecl ImGui_ImplOpenGL3_RenderDrawData(struct ImDrawData *)" (?ImGui_ImplOpenGL3_RenderDrawData@@YAXPEAUImDrawData@@@Z)
imgui_impl_opengl3.obj : error LNK2019: unresolved external symbol __imp___glewDetachShader referenced in function "void __cdecl ImGui_ImplOpenGL3_DestroyDeviceObjects(void)" (?ImGui_ImplOpenGL3_DestroyDeviceObjects@@YAXXZ)
imgui_impl_opengl3.obj : error LNK2019: unresolved external symbol __imp___glewEnableVertexAttribArray referenced in function "void __cdecl ImGui_ImplOpenGL3_SetupRenderState(struct ImDrawData *,int,int,unsigned int)" (?ImGui_ImplOpenGL3_SetupRenderState@@YAXPEAUImDrawData@@HHI@Z)
VertexArray.obj : error LNK2001: unresolved external symbol __imp___glewEnableVertexAttribArray
imgui_impl_opengl3.obj : error LNK2019: unresolved external symbol __imp___glewGetAttribLocation referenced in function "bool __cdecl ImGui_ImplOpenGL3_CreateDeviceObjects(void)" (?ImGui_ImplOpenGL3_CreateDeviceObjects@@YA_NXZ)
imgui_impl_opengl3.obj : error LNK2019: unresolved external symbol __imp___glewGetProgramInfoLog referenced in function "bool __cdecl CheckProgram(unsigned int,char const *)" (?CheckProgram@@YA_NIPEBD@Z)
imgui_impl_opengl3.obj : error LNK2019: unresolved external symbol __imp___glewGetProgramiv referenced in function "bool __cdecl CheckProgram(unsigned int,char const *)" (?CheckProgram@@YA_NIPEBD@Z)
imgui_impl_opengl3.obj : error LNK2019: unresolved external symbol __imp___glewUniform1i referenced in function "void __cdecl ImGui_ImplOpenGL3_SetupRenderState(struct ImDrawData *,int,int,unsigned int)" (?ImGui_ImplOpenGL3_SetupRenderState@@YAXPEAUImDrawData@@HHI@Z)
imgui_impl_opengl3.obj : error LNK2019: unresolved external symbol __imp___glewVertexAttribPointer referenced in function "void __cdecl ImGui_ImplOpenGL3_SetupRenderState(struct ImDrawData *,int,int,unsigned int)" (?ImGui_ImplOpenGL3_SetupRenderState@@YAXPEAUImDrawData@@HHI@Z)
VertexArray.obj : error LNK2001: unresolved external symbol __imp___glewVertexAttribPointer
imgui_impl_opengl3.obj : error LNK2019: unresolved external symbol __imp___glewDrawElementsBaseVertex referenced in function "void __cdecl ImGui_ImplOpenGL3_RenderDrawData(struct ImDrawData *)" (?ImGui_ImplOpenGL3_RenderDrawData@@YAXPEAUImDrawData@@@Z)
imgui_impl_opengl3.obj : error LNK2019: unresolved external symbol __imp___glewBindSampler referenced in function "void __cdecl ImGui_ImplOpenGL3_RenderDrawData(struct ImDrawData *)" (?ImGui_ImplOpenGL3_RenderDrawData@@YAXPEAUImDrawData@@@Z)
imgui_impl_opengl3.obj : error LNK2019: unresolved external symbol __imp___glewDeleteVertexArrays referenced in function "void __cdecl ImGui_ImplOpenGL3_RenderDrawData(struct ImDrawData *)" (?ImGui_ImplOpenGL3_RenderDrawData@@YAXPEAUImDrawData@@@Z)
VertexArray.obj : error LNK2001: unresolved external symbol __imp___glewDeleteVertexArrays
imgui_impl_opengl3.obj : error LNK2019: unresolved external symbol __imp___glewGenVertexArrays referenced in function "void __cdecl ImGui_ImplOpenGL3_RenderDrawData(struct ImDrawData *)" (?ImGui_ImplOpenGL3_RenderDrawData@@YAXPEAUImDrawData@@@Z)
main.obj : error LNK2019: unresolved external symbol glfwSetWindowShouldClose referenced in function "void __cdecl escape_callback(class CG::Renderer *,int,int,int,int)" (?escape_callback@@YAXPEAVRenderer@CG@@HHHH@Z)
VertexArray.obj : error LNK2019: unresolved external symbol __imp___glewCreateVertexArrays referenced in function "public: __cdecl CG::VertexArray::VertexArray(void)" (??0VertexArray@CG@@QEAA@XZ)
NoClipCameraController.obj : error LNK2019: unresolved external symbol glfwGetKey referenced in function "private: void __cdecl CG::NoClipCameraController::_computeCameraTranslation(float)" (?_computeCameraTranslation@NoClipCameraController@CG@@AEAAXM@Z)
C:\Graphics\Tools\glfw\lib\glfw3.lib : warning LNK4272: library machine type 'x86' conflicts with target machine type 'x64'
C:\Graphics\Tools\glew\lib\glew32s.lib : warning LNK4272: library machine type 'x86' conflicts with target machine type 'x64'
C:\dev\Computer Graphics 1\KMU-CG1-checker-board\bin\x64\Debug\CG1.exe : fatal error LNK1120: 73 unresolved externals
